<testsuites id="" name="" tests="8" failures="0" skipped="0" errors="0" time="38.715497">
<testsuite name="feature-store.spec.ts" timestamp="2026-04-07T05:53:13.298Z" hostname="chromium" tests="1" failures="0" skipped="0" time="5.46" errors="0">
<testcase name="Feature Store › can open a player feature store page and switch tabs" classname="feature-store.spec.ts" time="5.46">
</testcase>
</testsuite>
<testsuite name="global-search.spec.ts" timestamp="2026-04-07T05:53:13.298Z" hostname="chromium" tests="1" failures="0" skipped="0" time="4.361" errors="0">
<testcase name="Global Search › admin can search a case and navigate with keyboard" classname="global-search.spec.ts" time="4.361">
</testcase>
</testsuite>
<testsuite name="ingest-errors.spec.ts" timestamp="2026-04-07T05:53:13.298Z" hostname="chromium" tests="1" failures="0" skipped="0" time="3.072" errors="0">
<testcase name="Ingest Errors › can inspect a quarantine item generated by invalid epsilon webhook" classname="ingest-errors.spec.ts" time="3.072">
</testcase>
</testsuite>
<testsuite name="ingest-jobs.spec.ts" timestamp="2026-04-07T05:53:13.298Z" hostname="chromium" tests="1" failures="0" skipped="0" time="4.328" errors="0">
<testcase name="Ingest Jobs › can list and inspect an ingest job created via API upload" classname="ingest-jobs.spec.ts" time="4.328">
</testcase>
</testsuite>
<testsuite name="mappings.spec.ts" timestamp="2026-04-07T05:53:13.298Z" hostname="chromium" tests="3" failures="0" skipped="0" time="15.314" errors="0">
<testcase name="Mappings › mapping studio loads templates and editor" classname="mappings.spec.ts" time="4.678">
</testcase>
<testcase name="Mappings › can create a mapping from template with preview" classname="mappings.spec.ts" time="4.898">
</testcase>
<testcase name="Mappings › can run saved mapping test from selected mapping" classname="mappings.spec.ts" time="5.738">
</testcase>
</testsuite>
<testsuite name="player-lists.spec.ts" timestamp="2026-04-07T05:53:13.298Z" hostname="chromium" tests="1" failures="0" skipped="0" time="4.54" errors="0">
<testcase name="Player Lists › can create a player list and add manual entries" classname="player-lists.spec.ts" time="4.54">
</testcase>
</testsuite>
</testsuites>