<?xml version="1.0" encoding="utf-8"?><testsuites><testsuite name="pytest" errors="0" failures="0" skipped="8" tests="145" time="28.846" timestamp="2026-05-22T16:37:52.297340" hostname="MacBook-Air-de-Jair.local"><testcase classname="tests.security.test_tenant_isolation" name="test_unauthenticated_alerts_blocked" time="0.504" /><testcase classname="tests.security.test_tenant_isolation" name="test_unauthenticated_cases_blocked" time="0.144" /><testcase classname="tests.security.test_tenant_isolation" name="test_unauthenticated_players_blocked" time="0.081" /><testcase classname="tests.security.test_tenant_isolation" name="test_unauthenticated_audit_logs_blocked" time="0.122" /><testcase classname="tests.security.test_tenant_isolation" name="test_unauthenticated_legacy_audit_log_blocked" time="0.158" /><testcase classname="tests.security.test_tenant_isolation" name="test_tenant_b_cannot_access_tenant_a_alert" time="3.518"><skipped type="pytest.skip" message="No alerts for tenant A">/Users/jairarantes/Desktop/BetAML/tests/security/test_tenant_isolation.py:141: No alerts for tenant A</skipped></testcase><testcase classname="tests.security.test_tenant_isolation" name="test_tenant_b_cannot_access_tenant_a_case" time="0.250" /><testcase classname="tests.security.test_tenant_isolation" name="test_tenant_b_cannot_access_tenant_a_player" time="0.237" /><testcase classname="tests.security.test_tenant_isolation" name="test_tenant_b_cannot_access_tenant_a_feature_store_history" time="0.211" /><testcase classname="tests.security.test_tenant_isolation" name="test_tenant_b_cannot_access_tenant_a_legacy_feature_history" time="0.451" /><testcase classname="tests.security.test_tenant_isolation" name="test_tenant_a_cannot_access_tenant_b_alert" time="0.340"><skipped type="pytest.skip" message="No alerts for tenant B">/Users/jairarantes/Desktop/BetAML/tests/security/test_tenant_isolation.py:188: No alerts for tenant B</skipped></testcase><testcase classname="tests.security.test_tenant_isolation" name="test_tenant_b_cannot_access_tenant_a_ingest_job" time="0.776" /><testcase classname="tests.security.test_tenant_isolation" name="test_tenant_b_cannot_access_tenant_a_ingest_errors" time="0.384"><skipped type="pytest.skip" message="Sem erros de ingest para validar isolamento">/Users/jairarantes/Desktop/BetAML/tests/security/test_tenant_isolation.py:213: Sem erros de ingest para validar isolamento</skipped></testcase><testcase classname="tests.security.test_tenant_isolation" name="test_tenant_b_cannot_reprocess_tenant_a_job" time="0.485" /><testcase classname="tests.security.test_tenant_isolation" name="test_tenant_b_cannot_replay_tenant_a_ingest_error" time="0.680"><skipped type="pytest.skip" message="Sem erros de ingest para validar replay cross-tenant">/Users/jairarantes/Desktop/BetAML/tests/security/test_tenant_isolation.py:254: Sem erros de ingest para validar replay cross-tenant</skipped></testcase><testcase classname="tests.security.test_tenant_isolation" name="test_tenant_b_cannot_list_tenant_a_api_keys" time="0.083"><skipped type="pytest.skip" message="Tenant B has no admin access — expected">/Users/jairarantes/Desktop/BetAML/tests/security/test_tenant_isolation.py:280: Tenant B has no admin access — expected</skipped></testcase><testcase classname="tests.security.test_tenant_isolation" name="test_random_uuid_alert_returns_404_not_403" time="0.134" /><testcase classname="tests.security.test_tenant_isolation" name="test_random_uuid_case_returns_404" time="0.112" /><testcase classname="tests.security.test_tenant_isolation" name="test_tampered_jwt_rejected" time="0.117" /><testcase classname="tests.security.test_tenant_isolation" name="test_expired_token_format_rejected" time="0.071" /><testcase classname="tests.security.test_tenant_isolation" name="test_tenant_b_cannot_read_tenant_a_notifications" time="0.232" /><testcase classname="tests.security.test_tenant_isolation" name="test_tenant_b_cannot_mark_tenant_a_notification_read" time="0.076"><skipped type="pytest.skip" message="No notifications for Tenant A">/Users/jairarantes/Desktop/BetAML/tests/security/test_tenant_isolation.py:343: No notifications for Tenant A</skipped></testcase><testcase classname="tests.security.test_tenant_isolation" name="test_tenant_b_cannot_see_tenant_a_models" time="0.127" /><testcase classname="tests.security.test_tenant_isolation" name="test_tenant_b_cannot_promote_tenant_a_model" time="0.048"><skipped type="pytest.skip" message="No models for Tenant A">/Users/jairarantes/Desktop/BetAML/tests/security/test_tenant_isolation.py:367: No models for Tenant A</skipped></testcase><testcase classname="tests.security.test_tenant_isolation" name="test_tenant_b_flags_do_not_contain_tenant_a_data" time="0.689"><skipped type="pytest.skip" message="Both tenants lack admin role — expected for analyst credentials">/Users/jairarantes/Desktop/BetAML/tests/security/test_tenant_isolation.py:380: Both tenants lack admin role — expected for analyst credentials</skipped></testcase><testcase classname="tests.security.test_tenant_isolation" name="test_non_admin_cannot_create_tenant" time="0.138" /><testcase classname="tests.security.test_tenant_isolation" name="test_duplicate_tenant_slug_returns_409" time="3.096" /><testcase classname="tests.security.test_tenant_isolation.TestAuditorReadOnly" name="test_auditor_cannot_assign_case" time="0.010" /><testcase classname="tests.security.test_tenant_isolation.TestAuditorReadOnly" name="test_auditor_cannot_erase_player" time="0.005" /><testcase classname="tests.security.test_tenant_isolation.TestAuditorReadOnly" name="test_auditor_cannot_ingest" time="0.005" /><testcase classname="tests.security.test_tenant_isolation.TestAuditorReadOnly" name="test_auditor_cannot_label_alert" time="0.006" /><testcase classname="tests.security.test_tenant_isolation.TestPIIMasking" name="test_erased_player_returns_410" time="0.004" /><testcase classname="tests.security.test_tenant_isolation.TestPIIMasking" name="test_show_full_requires_analyst_or_admin" time="0.003" /><testcase classname="tests.security.test_tenant_isolation.TestLGPDErasureAuth" name="test_data_export_requires_analyst_or_admin" time="0.003" /><testcase classname="tests.security.test_tenant_isolation.TestLGPDErasureAuth" name="test_erase_requires_admin_not_analyst" time="0.004" /><testcase classname="tests.security.test_tenant_isolation.TestAuditLogImmutability" name="test_audit_log_written_on_erase" time="0.003" /><testcase classname="tests.security.test_tenant_isolation.TestAuditLogImmutability" name="test_no_delete_audit_endpoint" time="0.012" /><testcase classname="tests.unit.test_api_auth.TestJWT" name="test_token_has_jti" time="0.014" /><testcase classname="tests.unit.test_api_auth.TestJWT" name="test_token_has_tenant_id" time="0.003" /><testcase classname="tests.unit.test_api_auth.TestJWT" name="test_token_has_exp" time="0.002" /><testcase classname="tests.unit.test_api_auth.TestJWT" name="test_token_has_iat_and_nbf" time="0.002" /><testcase classname="tests.unit.test_api_auth.TestJWT" name="test_different_tokens_have_different_jti" time="0.003" /><testcase classname="tests.unit.test_api_auth.TestJWT" name="test_get_current_user_rejects_tenant_mismatch" time="0.375" /><testcase classname="tests.unit.test_api_auth.TestDSLIntegration" name="test_all_default_rules_have_valid_dsl" time="0.029" /><testcase classname="tests.unit.test_api_auth.TestDSLIntegration" name="test_structuring_rule_fires" time="0.005" /><testcase classname="tests.unit.test_api_auth.TestDSLIntegration" name="test_pep_rule_fires" time="0.001" /><testcase classname="tests.unit.test_api_auth.TestDSLIntegration" name="test_pep_rule_does_not_fire_for_non_pep" time="0.005" /><testcase classname="tests.unit.test_api_auth.TestDSLIntegration" name="test_round_trip_rule" time="0.002" /><testcase classname="tests.unit.test_api_auth.TestPII" name="test_encrypt_decrypt_roundtrip" time="0.006" /><testcase classname="tests.unit.test_api_auth.TestPII" name="test_ciphertexts_differ_each_time" time="0.004" /><testcase classname="tests.unit.test_api_auth.TestPII" name="test_mask_cpf" time="0.001" /><testcase classname="tests.unit.test_api_auth.TestPII" name="test_invalid_decrypt_raises" time="0.002" /><testcase classname="tests.unit.test_api_auth.TestPII" name="test_compute_cpf_hmac_matches_sanctions_module" time="0.009" /><testcase classname="tests.unit.test_api_auth.TestRBAC" name="test_require_roles_accepts_all_matching" time="0.003" /><testcase classname="tests.unit.test_api_auth.TestRBAC" name="test_roles_set_is_complete" time="0.003" /><testcase classname="tests.unit.test_api_auth.TestMappingEngine" name="test_backoffice_alpha_transaction_mapping" time="0.013" /><testcase classname="tests.unit.test_api_auth.TestMappingEngine" name="test_backoffice_beta_transaction_mapping" time="0.002" /><testcase classname="tests.unit.test_api_auth.TestMappingEngine" name="test_mapping_engine_apply_returns_dict" time="0.066" /><testcase classname="tests.unit.test_api_auth.TestFeatureComputation" name="test_deposit_velocity_basic" time="0.013" /><testcase classname="tests.unit.test_api_auth.TestFeatureComputation" name="test_multi_currency_detected" time="0.006" /><testcase classname="tests.unit.test_api_auth.TestFeatureComputation" name="test_chargeback_rate" time="0.008" /><testcase classname="tests.unit.test_auth_refresh.TestRefreshTokenFlow" name="test_create_refresh_token_contains_refresh_type_and_jti" time="0.005" /><testcase classname="tests.unit.test_auth_refresh.TestRefreshTokenFlow" name="test_get_current_user_rejects_refresh_token_as_access" time="0.008" /><testcase classname="tests.unit.test_auth_refresh.TestRefreshTokenFlow" name="test_refresh_rotates_token_and_persists_new_jti" time="0.177" /><testcase classname="tests.unit.test_auth_refresh.TestRefreshTokenFlow" name="test_refresh_rejects_rotated_or_revoked_jti" time="0.014" /><testcase classname="tests.unit.test_module10_security" name="test_auditor_cannot_create_rule" time="0.190" /><testcase classname="tests.unit.test_module10_security" name="test_auditor_cannot_create_mapping" time="0.440" /><testcase classname="tests.unit.test_module10_security" name="test_get_player_masks_cpf_for_auditor" time="0.562" /><testcase classname="tests.unit.test_module10_security" name="test_get_player_returns_full_cpf_for_aml_analyst" time="0.082" /><testcase classname="tests.unit.test_module8" name="test_usage_stats_returns_correct_keys" time="2.149" /><testcase classname="tests.unit.test_module8" name="test_usage_stats_counts_events_this_month" time="0.080" /><testcase classname="tests.unit.test_module8" name="test_usage_stats_counts_alerts_this_month" time="0.073" /><testcase classname="tests.unit.test_module8" name="test_usage_stats_counts_open_cases" time="0.082" /><testcase classname="tests.unit.test_module8" name="test_ingest_principal_with_valid_api_key" time="0.035" /><testcase classname="tests.unit.test_module8" name="test_ingest_principal_with_valid_jwt" time="0.021" /><testcase classname="tests.unit.test_module8" name="test_ingest_principal_api_key_paused_returns_503" time="0.017" /><testcase classname="tests.unit.test_module8" name="test_ingest_principal_jwt_paused_returns_503" time="0.017" /><testcase classname="tests.unit.test_module8" name="test_ingest_principal_missing_auth_raises_401" time="0.009" /><testcase classname="tests.unit.test_module8" name="test_ingest_principal_api_key_no_ingest_permission_raises_403" time="0.011" /><testcase classname="tests.unit.test_module8" name="test_scoring_config_out_has_auto_case_threshold_field" time="0.002" /><testcase classname="tests.unit.test_module8" name="test_scoring_config_update_accepts_ingest_rate_limit_tpm" time="0.001" /><testcase classname="tests.unit.test_module8" name="test_api_key_create_supports_source_system_and_default_permission" time="0.002" /><testcase classname="tests.unit.test_module8" name="test_normalize_source_system_alias_accepts_connector_aliases" time="0.001" /><testcase classname="tests.unit.test_module8" name="test_create_api_key_persists_source_system_and_default_permissions" time="0.188" /><testcase classname="tests.unit.test_module8" name="test_admin_onboarding_rule_uses_target_tenant" time="0.037" /><testcase classname="tests.unit.test_ingest_core" name="test_allowed_source_systems_includes_all_connectors" time="0.004" /><testcase classname="tests.unit.test_ingest_core" name="test_allowed_source_systems_includes_backoffice" time="0.003" /><testcase classname="tests.unit.test_ingest_core" name="test_allowed_source_systems_is_frozenset" time="0.001" /><testcase classname="tests.unit.test_ingest_core" name="test_ingest_event_request_valid" time="0.014" /><testcase classname="tests.unit.test_ingest_core" name="test_ingest_event_request_optional_fields_default_none" time="0.001" /><testcase classname="tests.unit.test_ingest_core" name="test_ingest_event_request_with_source_event_id" time="0.001" /><testcase classname="tests.unit.test_ingest_core" name="test_ingest_event_unknown_source_system_raises_400" time="0.035" /><testcase classname="tests.unit.test_ingest_core" name="test_ingest_event_valid_request_returns_event_id" time="0.054" /><testcase classname="tests.unit.test_ingest_core" name="test_ingest_event_applies_explicit_mapping_before_publish" time="0.055" /><testcase classname="tests.unit.test_ingest_core" name="test_connector_parse_summary_defaults" time="0.001" /><testcase classname="tests.unit.test_ingest_core" name="test_reprocess_request_defaults" time="0.001" /><testcase classname="tests.unit.test_ingest_core" name="test_resolve_ingest_error_404_when_not_found" time="0.017" /><testcase classname="tests.unit.test_ingest_core" name="test_replay_ingest_error_404_when_not_found" time="0.021" /><testcase classname="tests.unit.test_ingest_core" name="test_ingest_websocket_rejects_revoked_token" time="0.015" /><testcase classname="tests.unit.test_ingest_core" name="test_ingest_websocket_backpressure_updates_runtime_state" time="0.046" /><testcase classname="tests.unit.test_ingest_core" name="test_ingest_websocket_applies_explicit_mapping_before_publish" time="0.087" /><testcase classname="tests.unit.test_ingest_core" name="test_replay_ingest_error_applies_resolved_mapping_before_publish" time="0.029" /><testcase classname="tests.unit.test_ingest_core" name="test_ingest_epsilon_webhook_registers_job_and_returns_job_id" time="0.081" /><testcase classname="tests.unit.test_ingest_core" name="test_ingest_epsilon_webhook_invalid_signature_creates_failed_job" time="0.048" /><testcase classname="tests.unit.test_ingest_core" name="test_ingest_epsilon_webhook_applies_resolved_mapping_before_publish" time="0.051" /><testcase classname="tests.unit.test_ingest_core" name="test_ingest_router_has_events_endpoint" time="0.001" /><testcase classname="tests.unit.test_ingest_core" name="test_ingest_router_has_errors_endpoint" time="0.001" /><testcase classname="tests.unit.test_ingest_extended" name="test_build_envelope_has_event_id" time="0.002" /><testcase classname="tests.unit.test_ingest_extended" name="test_build_envelope_required_fields" time="0.002" /><testcase classname="tests.unit.test_ingest_extended" name="test_build_envelope_ingest_metadata_keys" time="0.001" /><testcase classname="tests.unit.test_ingest_extended" name="test_build_envelope_with_extra_metadata" time="0.002" /><testcase classname="tests.unit.test_ingest_extended" name="test_build_envelope_mapping_config_id_none_by_default" time="0.004" /><testcase classname="tests.unit.test_ingest_extended" name="test_publish_with_retries_success_on_first_send" time="0.006" /><testcase classname="tests.unit.test_ingest_extended" name="test_publish_with_retries_sends_to_dlq_on_all_failures" time="0.310" /><testcase classname="tests.unit.test_ingest_extended" name="test_tenant_rate_limit_returns_default_when_no_flag" time="0.017" /><testcase classname="tests.unit.test_ingest_extended" name="test_tenant_rate_limit_reads_flag_value" time="0.018" /><testcase classname="tests.unit.test_ingest_extended" name="test_tenant_rate_limit_prefers_scoring_config_value" time="0.014" /><testcase classname="tests.unit.test_ingest_extended" name="test_ingest_batch_rejects_unknown_source_system" time="0.035" /><testcase classname="tests.unit.test_ingest_extended" name="test_ingest_batch_queues_valid_event_without_producer" time="0.024" /><testcase classname="tests.unit.test_ingest_extended" name="test_ingest_batch_mixed_events" time="0.042" /><testcase classname="tests.unit.test_ingest_extended" name="test_ingest_batch_with_producer_enqueues_and_returns_event_ids" time="0.078" /><testcase classname="tests.unit.test_ingest_extended" name="test_ingest_batch_applies_explicit_mapping_before_publish" time="0.063" /><testcase classname="tests.unit.test_ingest_extended" name="test_websocket_ingest_request_schema" time="0.002" /><testcase classname="tests.unit.test_ingest_extended" name="test_replay_ingest_error_request_defaults" time="0.001" /><testcase classname="tests.unit.test_ingest_extended" name="test_resolve_ingest_error_request_note_optional" time="0.001" /><testcase classname="tests.unit.test_ingest_extended" name="test_ingest_router_has_event_endpoint" time="0.002" /><testcase classname="tests.unit.test_ingest_extended" name="test_ingest_router_has_batch_endpoint" time="0.001" /><testcase classname="tests.unit.test_ingest_extended" name="test_ingest_router_has_errors_endpoint" time="0.002" /><testcase classname="tests.unit.test_ingest_extended" name="test_ingest_router_has_streaming_endpoints" time="0.003" /><testcase classname="tests.unit.test_ingest_extended" name="test_ingest_sse_stream_returns_operational_snapshot_chunk" time="0.042" /><testcase classname="tests.unit.test_ingest_extended" name="test_ingest_file_persists_bronze_path_without_refresh_after_second_commit" time="0.095" /><testcase classname="tests.unit.test_ingest_extended" name="test_ingest_file_keeps_flow_when_refresh_fails" time="0.079" /><testcase classname="tests.unit.test_ingest_extended" name="test_parse_connector_payload_keeps_flow_when_refresh_fails" time="0.064" /><testcase classname="tests.unit.test_ingest_extended" name="test_parse_connector_payload_applies_resolved_mapping_before_publish" time="0.069" /><testcase classname="tests.unit.test_ingest_extended" name="test_reprocess_job_queues_without_refresh_after_commit" time="0.049" /><testcase classname="tests.unit.test_ingest_resilience" name="test_publish_with_retries_success_first_try" time="0.011" /><testcase classname="tests.unit.test_ingest_resilience" name="test_publish_with_retries_eventual_success" time="0.004" /><testcase classname="tests.unit.test_ingest_resilience" name="test_publish_with_retries_sends_to_dlq_after_exhaustion" time="0.005" /><testcase classname="tests.unit.test_ingest_resilience" name="test_publish_with_retries_returns_false_if_dlq_also_fails" time="0.007" /><testcase classname="tests.unit.test_stream_processor_ingest_jobs" name="test_process_ingest_job_connector_gamma_uses_native_parser_with_partial_result" time="0.018" /><testcase classname="tests.unit.test_stream_processor_ingest_jobs" name="test_process_ingest_job_connector_delta_uses_native_parser_with_line_errors" time="0.014" /><testcase classname="tests.unit.test_stream_processor_ingest_jobs" name="test_process_ingest_job_connector_uses_mapping_before_publish" time="0.015" /><testcase classname="tests.unit.test_stream_processor_ingest_jobs" name="test_process_ingest_job_derives_dlq_topic_from_failed_entity_type" time="0.023" /><testcase classname="tests.unit.test_utils_payload_sanitization" name="test_sanitize_sensitive_payload_redacts_known_keys" time="0.005" /><testcase classname="tests.unit.test_utils_payload_sanitization" name="test_sanitize_sensitive_payload_truncates_long_strings" time="0.003" /></testsuite></testsuites>